======================================================================
DIAZOTROPH CLASSIFICATION PIPELINE
======================================================================
Job ID: 7145940
Node: bigmem001
Start time: Sun Nov  9 12:20:09 PM CST 2025
======================================================================
Creating Python virtual environment...

Installing/updating Python packages...
Requirement already satisfied: pip in ./venv/lib/python3.12/site-packages (24.0)
Collecting pip
  Downloading pip-25.3-py3-none-any.whl.metadata (4.7 kB)
Downloading pip-25.3-py3-none-any.whl (1.8 MB)
   ━━━━━━━━━━━━━━━━━━━━━━━━━━━━━━━━━━━━━━━━ 1.8/1.8 MB 16.0 MB/s eta 0:00:00
Installing collected packages: pip
  Attempting uninstall: pip
    Found existing installation: pip 24.0
    Uninstalling pip-24.0:
      Successfully uninstalled pip-24.0
Successfully installed pip-25.3
Collecting pandas
  Downloading pandas-2.3.3-cp312-cp312-manylinux_2_24_x86_64.manylinux_2_28_x86_64.whl.metadata (91 kB)
Collecting numpy
  Downloading numpy-2.3.4-cp312-cp312-manylinux_2_27_x86_64.manylinux_2_28_x86_64.whl.metadata (62 kB)
Collecting scipy
  Downloading scipy-1.16.3-cp312-cp312-manylinux2014_x86_64.manylinux_2_17_x86_64.whl.metadata (62 kB)
Collecting scikit-learn
  Downloading scikit_learn-1.7.2-cp312-cp312-manylinux2014_x86_64.manylinux_2_17_x86_64.whl.metadata (11 kB)
Collecting matplotlib
  Downloading matplotlib-3.10.7-cp312-cp312-manylinux2014_x86_64.manylinux_2_17_x86_64.whl.metadata (11 kB)
Collecting seaborn
  Downloading seaborn-0.13.2-py3-none-any.whl.metadata (5.4 kB)
Collecting xgboost
  Downloading xgboost-3.1.1-py3-none-manylinux_2_28_x86_64.whl.metadata (2.1 kB)
Collecting python-dateutil>=2.8.2 (from pandas)
  Using cached python_dateutil-2.9.0.post0-py2.py3-none-any.whl.metadata (8.4 kB)
Collecting pytz>=2020.1 (from pandas)
  Using cached pytz-2025.2-py2.py3-none-any.whl.metadata (22 kB)
Collecting tzdata>=2022.7 (from pandas)
  Using cached tzdata-2025.2-py2.py3-none-any.whl.metadata (1.4 kB)
Collecting joblib>=1.2.0 (from scikit-learn)
  Downloading joblib-1.5.2-py3-none-any.whl.metadata (5.6 kB)
Collecting threadpoolctl>=3.1.0 (from scikit-learn)
  Downloading threadpoolctl-3.6.0-py3-none-any.whl.metadata (13 kB)
Collecting contourpy>=1.0.1 (from matplotlib)
  Downloading contourpy-1.3.3-cp312-cp312-manylinux_2_27_x86_64.manylinux_2_28_x86_64.whl.metadata (5.5 kB)
Collecting cycler>=0.10 (from matplotlib)
  Downloading cycler-0.12.1-py3-none-any.whl.metadata (3.8 kB)
Collecting fonttools>=4.22.0 (from matplotlib)
  Downloading fonttools-4.60.1-cp312-cp312-manylinux1_x86_64.manylinux2014_x86_64.manylinux_2_17_x86_64.manylinux_2_5_x86_64.whl.metadata (112 kB)
Collecting kiwisolver>=1.3.1 (from matplotlib)
  Downloading kiwisolver-1.4.9-cp312-cp312-manylinux2014_x86_64.manylinux_2_17_x86_64.whl.metadata (6.3 kB)
Collecting packaging>=20.0 (from matplotlib)
  Downloading packaging-25.0-py3-none-any.whl.metadata (3.3 kB)
Collecting pillow>=8 (from matplotlib)
  Downloading pillow-12.0.0-cp312-cp312-manylinux_2_27_x86_64.manylinux_2_28_x86_64.whl.metadata (8.8 kB)
Collecting pyparsing>=3 (from matplotlib)
  Downloading pyparsing-3.2.5-py3-none-any.whl.metadata (5.0 kB)
Collecting nvidia-nccl-cu12 (from xgboost)
  Downloading nvidia_nccl_cu12-2.28.7-py3-none-manylinux_2_18_x86_64.whl.metadata (2.0 kB)
Collecting six>=1.5 (from python-dateutil>=2.8.2->pandas)
  Using cached six-1.17.0-py2.py3-none-any.whl.metadata (1.7 kB)
Downloading pandas-2.3.3-cp312-cp312-manylinux_2_24_x86_64.manylinux_2_28_x86_64.whl (12.4 MB)
   ━━━━━━━━━━━━━━━━━━━━━━━━━━━━━━━━━━━━━━━━ 12.4/12.4 MB 81.8 MB/s  0:00:00
Downloading numpy-2.3.4-cp312-cp312-manylinux_2_27_x86_64.manylinux_2_28_x86_64.whl (16.6 MB)
   ━━━━━━━━━━━━━━━━━━━━━━━━━━━━━━━━━━━━━━━━ 16.6/16.6 MB 105.6 MB/s  0:00:00
Downloading scipy-1.16.3-cp312-cp312-manylinux2014_x86_64.manylinux_2_17_x86_64.whl (35.7 MB)
   ━━━━━━━━━━━━━━━━━━━━━━━━━━━━━━━━━━━━━━━━ 35.7/35.7 MB 102.9 MB/s  0:00:00
Downloading scikit_learn-1.7.2-cp312-cp312-manylinux2014_x86_64.manylinux_2_17_x86_64.whl (9.5 MB)
   ━━━━━━━━━━━━━━━━━━━━━━━━━━━━━━━━━━━━━━━━ 9.5/9.5 MB 101.7 MB/s  0:00:00
Downloading matplotlib-3.10.7-cp312-cp312-manylinux2014_x86_64.manylinux_2_17_x86_64.whl (8.7 MB)
   ━━━━━━━━━━━━━━━━━━━━━━━━━━━━━━━━━━━━━━━━ 8.7/8.7 MB 101.4 MB/s  0:00:00
Downloading seaborn-0.13.2-py3-none-any.whl (294 kB)
Downloading xgboost-3.1.1-py3-none-manylinux_2_28_x86_64.whl (115.9 MB)
   ━━━━━━━━━━━━━━━━━━━━━━━━━━━━━━━━━━━━━━━━ 115.9/115.9 MB 109.2 MB/s  0:00:01
Downloading contourpy-1.3.3-cp312-cp312-manylinux_2_27_x86_64.manylinux_2_28_x86_64.whl (362 kB)
Downloading cycler-0.12.1-py3-none-any.whl (8.3 kB)
Downloading fonttools-4.60.1-cp312-cp312-manylinux1_x86_64.manylinux2014_x86_64.manylinux_2_17_x86_64.manylinux_2_5_x86_64.whl (4.9 MB)
   ━━━━━━━━━━━━━━━━━━━━━━━━━━━━━━━━━━━━━━━━ 4.9/4.9 MB 93.2 MB/s  0:00:00
Downloading joblib-1.5.2-py3-none-any.whl (308 kB)
Downloading kiwisolver-1.4.9-cp312-cp312-manylinux2014_x86_64.manylinux_2_17_x86_64.whl (1.5 MB)
   ━━━━━━━━━━━━━━━━━━━━━━━━━━━━━━━━━━━━━━━━ 1.5/1.5 MB 82.3 MB/s  0:00:00
Downloading packaging-25.0-py3-none-any.whl (66 kB)
Downloading pillow-12.0.0-cp312-cp312-manylinux_2_27_x86_64.manylinux_2_28_x86_64.whl (7.0 MB)
   ━━━━━━━━━━━━━━━━━━━━━━━━━━━━━━━━━━━━━━━━ 7.0/7.0 MB 96.2 MB/s  0:00:00
Downloading pyparsing-3.2.5-py3-none-any.whl (113 kB)
Using cached python_dateutil-2.9.0.post0-py2.py3-none-any.whl (229 kB)
Using cached pytz-2025.2-py2.py3-none-any.whl (509 kB)
Using cached six-1.17.0-py2.py3-none-any.whl (11 kB)
Downloading threadpoolctl-3.6.0-py3-none-any.whl (18 kB)
Using cached tzdata-2025.2-py2.py3-none-any.whl (347 kB)
Downloading nvidia_nccl_cu12-2.28.7-py3-none-manylinux_2_18_x86_64.whl (296.8 MB)
   ━━━━━━━━━━━━━━━━━━━━━━━━━━━━━━━━━━━━━━━━ 296.8/296.8 MB 108.1 MB/s  0:00:02
Installing collected packages: pytz, tzdata, threadpoolctl, six, pyparsing, pillow, packaging, nvidia-nccl-cu12, numpy, kiwisolver, joblib, fonttools, cycler, scipy, python-dateutil, contourpy, xgboost, scikit-learn, pandas, matplotlib, seaborn

Successfully installed contourpy-1.3.3 cycler-0.12.1 fonttools-4.60.1 joblib-1.5.2 kiwisolver-1.4.9 matplotlib-3.10.7 numpy-2.3.4 nvidia-nccl-cu12-2.28.7 packaging-25.0 pandas-2.3.3 pillow-12.0.0 pyparsing-3.2.5 python-dateutil-2.9.0.post0 pytz-2025.2 scikit-learn-1.7.2 scipy-1.16.3 seaborn-0.13.2 six-1.17.0 threadpoolctl-3.6.0 tzdata-2025.2 xgboost-3.1.1

======================================================================
STEP 1: Data Preparation
======================================================================
================================================================================
STEP 1: DATA PREPARATION AND LABELING
================================================================================

Loading data from: nif_hdk_hits_enriched_with_quality_checkm.csv
Total genomes loaded: 6825

Parsing organism names...
Converting e-values...

Filtering for complete genomes...
Complete genomes: 937

Labeling diazotrophs (all nifH, D, K < 1e-50)...
  Diazotrophs: 388
  Non-diazotrophs: 549
  Unique genera: 96

Saved labeled dataset to: complete_genomes_labeled.csv
Saved accession list to: genome_accessions.txt

================================================================================
SUMMARY STATISTICS
================================================================================

Total complete genomes: 937
Diazotrophs: 388 (41.4%)
Non-diazotrophs: 549 (58.6%)

Top 10 genera:
genus
Prochlorococcus        174
Synechococcus          119
Nostoc                  76
Thermosynechococcus     43
Dolichospermum          36
Leptolyngbya            26
Microcystis             26
Calothrix               24
Planktothrix            23
Synechocystis           21
Name: count, dtype: int64

Diazotroph distribution by top genera (n >= 5):
                     diazotroph_count  total_count  percent_diazotroph
genus                                                                 
Prochlorococcus                     0          174                 0.0
Synechococcus                       4          119                 3.4
Nostoc                             76           76               100.0
Thermosynechococcus                 0           43                 0.0
Dolichospermum                     36           36               100.0
Microcystis                         0           26                 0.0
Leptolyngbya                       22           26                84.6
Calothrix                          22           24                91.7
Planktothrix                        4           23                17.4
Synechocystis                       2           21                 9.5
cyanobacterium                     18           20                90.0
Anabaena                           16           18                88.9
Limnospira                          0           18                 0.0
Cylindrospermopsis                 14           14               100.0
Cyanobacterium                      5           13                38.5

================================================================================
STEP 1 COMPLETE
================================================================================

======================================================================
STEP 2: Download Protein Sequences
======================================================================
Note: This step may take several hours...
================================================================================
STEP 2: DOWNLOAD PROTEIN SEQUENCES
================================================================================

Reading accessions from: genome_accessions.txt
Total genomes to download: 937

Downloading to: protein_sequences
This may take a while (up to several hours for ~900 genomes)...
You can interrupt and restart - already downloaded files will be skipped.

Using direct NCBI FTP download method...
[1/937] Downloading GCF_050235535.1... Failed (download error)
[2/937] Downloading GCF_000317515.1... Failed (download error)
[3/937] Downloading GCF_001548095.1... Failed (download error)
[4/937] Downloading GCF_000015965.1... Failed (download error)
[5/937] Downloading GCF_047947085.1... Failed (download error)
[6/937] Downloading GCF_000012645.1... Failed (download error)
[7/937] Downloading GCF_034093315.1... Failed (download error)
[8/937] Downloading GCF_000018065.1... Failed (download error)
[9/937] Downloading GCF_027359525.1... Failed (download error)
[10/937] Downloading GCF_027359355.1... Failed (download error)
[11/937] Downloading GCF_000015645.1... Failed (download error)
[12/937] Downloading GCF_051201415.1... Failed (download error)
[13/937] Downloading GCF_027359575.1... Failed (download error)
[14/937] Downloading GCF_034092375.1... Failed (download error)
[15/937] Downloading GCF_027359395.1... Failed (download error)
[16/937] Downloading GCF_047304605.1... Failed (download error)
[17/937] Downloading GCF_047302905.1... Failed (download error)
[18/937] Downloading GCF_047302765.1... Failed (download error)
[19/937] Downloading GCF_000007925.1... Failed (download error)
[20/937] Downloading GCF_014489415.1... Failed (download error)
[21/937] Downloading GCF_000012465.1... Failed (download error)
[22/937] Downloading GCF_047304535.1... Failed (download error)
[23/937] Downloading GCF_047304525.1... Failed (download error)
[24/937] Downloading GCF_047302975.1... Failed (download error)
[25/937] Downloading GCF_000332235.1... Failed (download error)
[26/937] Downloading GCF_001548115.1... Failed (download error)
[27/937] Downloading GCF_018139025.1... Failed (download error)
[28/937] Downloading GCF_050563455.1... Failed (download error)
[29/937] Downloading GCF_000021805.1... Failed (download error)
[30/937] Downloading GCF_031583475.1... Failed (download error)
[31/937] Downloading GCF_031583225.1... Failed (download error)
[32/937] Downloading GCF_031583205.1... Failed (download error)
[33/937] Downloading GCF_030518735.1... Failed (download error)
[34/937] Downloading GCF_030518695.1... Failed (download error)
[35/937] Downloading GCF_047302745.1... Failed (download error)
[36/937] Downloading GCF_000017845.1... Failed (download error)
[37/937] Downloading GCF_027359375.1... Failed (download error)
[38/937] Downloading GCF_001989455.1... Failed (download error)
[39/937] Downloading GCF_001989435.1... Failed (download error)
[40/937] Downloading GCF_001989415.1... Failed (download error)
[41/937] Downloading GCF_047305235.1... Failed (download error)
[42/937] Downloading GCF_047305115.1... Failed (download error)
[43/937] Downloading GCF_047304685.1... Failed (download error)
[44/937] Downloading GCA_003994795.1... Failed (download error)
[45/937] Downloading GCF_047305155.1... Failed (download error)
[46/937] Downloading GCF_012516395.1... Failed (download error)
[47/937] Downloading GCF_038050375.1... Failed (download error)
[48/937] Downloading GCF_019598945.1... Failed (download error)
[49/937] Downloading GCF_047302725.1... Failed (download error)
[50/937] Downloading GCF_027359415.1... Failed (download error)
[51/937] Downloading GCF_000757845.1... Failed (download error)
[52/937] Downloading GCF_014279595.1... Failed (download error)
[53/937] Downloading GCF_023983615.1... Failed (download error)
[54/937] Downloading GCF_001854205.1... Failed (download error)
[55/937] Downloading GCF_000340565.2... Failed (download error)
[56/937] Downloading GCF_022376295.1... Failed (download error)
[57/937] Downloading GCF_000757865.1... Failed (download error)
[58/937] Downloading GCF_000020025.1... Failed (download error)
[59/937] Downloading GCF_002368435.1... Failed (download error)
[60/937] Downloading GCF_047304675.1... Failed (download error)
[61/937] Downloading GCF_047305225.1... Failed (download error)
[62/937] Downloading GCF_000018105.1... Failed (download error)
[63/937] Downloading GCF_002949735.1... Failed (download error)
[64/937] Downloading GCF_000015665.1... Failed (download error)
[65/937] Downloading GCF_000011465.1... Failed (download error)
[66/937] Downloading GCF_000317535.1... Failed (download error)
[67/937] Downloading GCF_002368015.1... Failed (download error)
[68/937] Downloading GCF_009856605.1... Failed (download error)
[69/937] Downloading GCF_000316625.1... Failed (download error)
[70/937] Downloading GCF_047497125.1... Failed (download error)
[71/937] Downloading GCF_047497115.1... Failed (download error)
[72/937] Downloading GCF_000316665.1... Failed (download error)
[73/937] Downloading GCF_003054475.1... Failed (download error)
[74/937] Downloading GCF_002367975.1... Failed (download error)
[75/937] Downloading GCF_002368135.1... Failed (download error)
[76/937] Downloading GCF_047302875.1... Failed (download error)
[77/937] Downloading GCF_047302855.1... Failed (download error)
[78/937] Downloading GCF_000147335.1... Failed (download error)
[79/937] Downloading GCF_000015685.1... Failed (download error)
[80/937] Downloading GCF_036345015.1... Failed (download error)
[81/937] Downloading GCF_000204075.1... Failed (download error)
[82/937] Downloading GCF_002368255.1... Failed (download error)
[83/937] Downloading GCF_002142495.1... Failed (download error)
[84/937] Downloading GCF_002142475.1... Failed (download error)
[85/937] Downloading GCF_021650815.1... Failed (download error)
[86/937] Downloading GCF_009873495.1... Failed (download error)
[87/937] Downloading GCF_022372495.1... Failed (download error)
[88/937] Downloading GCF_043099725.1... Failed (download error)
[89/937] Downloading GCF_002368055.1... Failed (download error)
[90/937] Downloading GCF_001548375.1... Failed (download error)
[91/937] Downloading GCF_001854205.2... Failed (download error)
[92/937] Downloading GCF_047276495.1... Failed (download error)
[93/937] Downloading GCF_008121535.1... Failed (download error)
[94/937] Downloading GCF_047304625.1... Failed (download error)
[95/937] Downloading GCF_047303175.1... Failed (download error)
[96/937] Downloading GCF_047305065.1... Failed (download error)
[97/937] Downloading GCF_047305015.1... Failed (download error)
[98/937] Downloading GCF_002368155.1... Failed (download error)
[99/937] Downloading GCF_002368235.1... Failed (download error)
[100/937] Downloading GCF_038096175.1... Failed (download error)
[101/937] Downloading GCF_025860405.1... Failed (download error)
[102/937] Downloading GCF_050235535.1... Failed (download error)
[103/937] Downloading GCF_000317515.1... Failed (download error)
[104/937] Downloading GCF_001548095.1... Failed (download error)
[105/937] Downloading GCF_000015965.1... Failed (download error)
[106/937] Downloading GCF_047947085.1... Failed (download error)
[107/937] Downloading GCF_000012645.1... Failed (download error)
[108/937] Downloading GCF_034093315.1... Failed (download error)
[109/937] Downloading GCF_000018065.1... Failed (download error)
[110/937] Downloading GCF_027359525.1... Failed (download error)
[111/937] Downloading GCF_027359355.1... Failed (download error)
[112/937] Downloading GCF_000015645.1... Failed (download error)
[113/937] Downloading GCF_051201415.1... Failed (download error)
[114/937] Downloading GCF_027359575.1... Failed (download error)
[115/937] Downloading GCF_034092375.1... Failed (download error)
[116/937] Downloading GCF_027359395.1... Failed (download error)
[117/937] Downloading GCF_047304605.1... Failed (download error)
[118/937] Downloading GCF_047302905.1... Failed (download error)
[119/937] Downloading GCF_047302765.1... Failed (download error)
[120/937] Downloading GCF_000007925.1... Failed (download error)
[121/937] Downloading GCF_014489415.1... Failed (download error)
[122/937] Downloading GCF_000012465.1... Failed (download error)
[123/937] Downloading GCF_047304535.1... Failed (download error)
[124/937] Downloading GCF_047304525.1... Failed (download error)
[125/937] Downloading GCF_047302975.1... Failed (download error)
[126/937] Downloading GCF_000332235.1... Failed (download error)
[127/937] Downloading GCF_001548115.1... Failed (download error)
[128/937] Downloading GCF_018139025.1... Failed (download error)
[129/937] Downloading GCF_050563455.1... Failed (download error)
[130/937] Downloading GCF_000021805.1... Failed (download error)
[131/937] Downloading GCF_031583475.1... Failed (download error)
[132/937] Downloading GCF_031583225.1... Failed (download error)
[133/937] Downloading GCF_031583205.1... Failed (download error)
[134/937] Downloading GCF_030518735.1... Failed (download error)
[135/937] Downloading GCF_030518695.1... Failed (download error)
[136/937] Downloading GCF_047302745.1... Failed (download error)
[137/937] Downloading GCF_000017845.1... Failed (download error)
[138/937] Downloading GCF_027359375.1... Failed (download error)
[139/937] Downloading GCF_001989455.1... Failed (download error)
[140/937] Downloading GCF_001989435.1... Failed (download error)
[141/937] Downloading GCF_001989415.1... Failed (download error)
[142/937] Downloading GCF_047305235.1... Failed (download error)
[143/937] Downloading GCF_047305115.1... Failed (download error)
[144/937] Downloading GCF_047304685.1... Failed (download error)
[145/937] Downloading GCA_003994795.1... Failed (download error)
[146/937] Downloading GCF_047305155.1... Failed (download error)
[147/937] Downloading GCF_012516395.1... Failed (download error)
[148/937] Downloading GCF_038050375.1... Failed (download error)
[149/937] Downloading GCF_019598945.1... Failed (download error)
[150/937] Downloading GCF_047302725.1... Failed (download error)
[151/937] Downloading GCF_027359415.1... Failed (download error)
[152/937] Downloading GCF_000757845.1... Failed (download error)
[153/937] Downloading GCF_014279595.1... Failed (download error)
[154/937] Downloading GCF_023983615.1... Failed (download error)
[155/937] Downloading GCF_001854205.1... Failed (download error)
[156/937] Downloading GCF_000340565.2... Failed (download error)
[157/937] Downloading GCF_022376295.1... Failed (download error)
[158/937] Downloading GCF_000757865.1... Failed (download error)
[159/937] Downloading GCF_000020025.1... Failed (download error)
[160/937] Downloading GCF_002368435.1... Failed (download error)
[161/937] Downloading GCF_047304675.1... Failed (download error)
[162/937] Downloading GCF_047305225.1... Failed (download error)
[163/937] Downloading GCF_000018105.1... Failed (download error)
[164/937] Downloading GCF_002949735.1... Failed (download error)
[165/937] Downloading GCF_000015665.1... Failed (download error)
[166/937] Downloading GCF_000011465.1... Failed (download error)
[167/937] Downloading GCF_000317535.1... Failed (download error)
[168/937] Downloading GCF_002368015.1... Failed (download error)
[169/937] Downloading GCF_009856605.1... Failed (download error)
[170/937] Downloading GCF_000316625.1... Failed (download error)
[171/937] Downloading GCF_047497125.1... Failed (download error)
[172/937] Downloading GCF_047497115.1... Failed (download error)
[173/937] Downloading GCF_000316665.1... Failed (download error)
[174/937] Downloading GCF_003054475.1... Failed (download error)
[175/937] Downloading GCF_002367975.1... Failed (download error)
[176/937] Downloading GCF_002368135.1... Failed (download error)
[177/937] Downloading GCF_047302875.1... Failed (download error)
[178/937] Downloading GCF_047302855.1... Failed (download error)
[179/937] Downloading GCF_000147335.1... Failed (download error)
[180/937] Downloading GCF_000015685.1... Failed (download error)
[181/937] Downloading GCF_036345015.1... Failed (download error)
[182/937] Downloading GCF_000204075.1... Failed (download error)
[183/937] Downloading GCF_002368255.1... Failed (download error)
[184/937] Downloading GCF_002142495.1... Failed (download error)
[185/937] Downloading GCF_002142475.1... Failed (download error)
[186/937] Downloading GCF_021650815.1... Failed (download error)
[187/937] Downloading GCF_009873495.1... Failed (download error)
[188/937] Downloading GCF_022372495.1... Failed (download error)
[189/937] Downloading GCF_043099725.1... Failed (download error)
[190/937] Downloading GCF_002368055.1... Failed (download error)
[191/937] Downloading GCF_001548375.1... Failed (download error)
[192/937] Downloading GCF_001854205.2... Failed (download error)
[193/937] Downloading GCF_047276495.1... Failed (download error)
[194/937] Downloading GCF_008121535.1... Failed (download error)
[195/937] Downloading GCF_047304625.1... Failed (download error)
[196/937] Downloading GCF_047303175.1... Failed (download error)
[197/937] Downloading GCF_047305065.1... Failed (download error)
[198/937] Downloading GCF_047305015.1... Failed (download error)
[199/937] Downloading GCF_002368155.1... Failed (download error)
[200/937] Downloading GCF_002368235.1... Failed (download error)
[201/937] Downloading GCF_038096175.1... Failed (download error)
[202/937] Downloading GCF_025860405.1... Failed (download error)
[203/937] Downloading GCF_047303505.1... Failed (download error)
[204/937] Downloading GCF_026000695.1... Failed (download error)
[205/937] Downloading GCF_000210375.1... Failed (download error)
[206/937] Downloading GCF_002896875.1... Failed (download error)
[207/937] Downloading GCF_032163395.1... Failed (download error)
[208/937] Downloading GCF_029953635.1... Failed (download error)
[209/937] Downloading GCF_027359595.1... Failed (download error)
[210/937] Downloading GCF_002368075.1... Failed (download error)
[211/937] Downloading GCF_047649235.1... Failed (download error)
[212/937] Downloading GCF_032705245.1... Failed (download error)
[213/937] Downloading GCF_001746915.2... Failed (download error)
[214/937] Downloading GCF_002367955.1... Failed (download error)
[215/937] Downloading GCF_013343235.1... Failed (download error)
[216/937] Downloading GCA_003990705.1... Failed (download error)
[217/937] Downloading GCF_013393925.1... Failed (download error)
[218/937] Downloading GCF_000317125.1... Failed (download error)
[219/937] Downloading GCF_019891175.1... Failed (download error)
[220/937] Downloading GCF_000013225.1... Failed (download error)
[221/937] Downloading GCF_000013205.1... Failed (download error)
[222/937] Downloading GCF_000317695.1... Failed (download error)
[223/937] Downloading GCF_047305125.1... Failed (download error)
[224/937] Downloading GCA_026000695.1... Failed (download error)
[225/937] Downloading GCF_025677855.1... Failed (download error)
[226/937] Downloading GCF_000317085.1... Failed (download error)
[227/937] Downloading GCF_032620035.1... Failed (download error)
[228/937] Downloading GCF_047303555.1... Failed (download error)
[229/937] Downloading GCF_000317555.1... Failed (download error)
[230/937] Downloading GCF_000317435.1... Failed (download error)
[231/937] Downloading GCF_019976755.1... Failed (download error)
[232/937] Downloading GCF_013393905.1... Failed (download error)
[233/937] Downloading GCF_002368215.1... Failed (download error)
[234/937] Downloading GCF_000009705.1... Failed (download error)
[235/937] Downloading GCF_000317145.1... Failed (download error)
[236/937] Downloading GCF_044923475.1... Failed (download error)
[237/937] Downloading GCF_019056575.1... Failed (download error)
[238/937] Downloading GCF_002368115.1... Failed (download error)
[239/937] Downloading GCF_032813545.1... Failed (download error)
[240/937] Downloading GCF_016919485.1... Failed (download error)
[241/937] Downloading GCF_013177315.1... Failed (download error)
[242/937] Downloading GCF_026802175.1... Failed (download error)
[243/937] Downloading GCF_002355455.1... Failed (download error)
[244/937] Downloading GCF_047305145.1... Failed (download error)
[245/937] Downloading GCF_047275885.1... Failed (download error)
[246/937] Downloading GCF_047304615.1... Failed (download error)
[247/937] Downloading GCF_000021825.1... Failed (download error)
[248/937] Downloading GCF_013393945.1... Failed (download error)
[249/937] Downloading GCF_000316575.1... Failed (download error)
[250/937] Downloading GCF_000014265.1... Failed (download error)
[251/937] Downloading GCF_032393985.1... Failed (download error)
[252/937] Downloading GCF_000317615.1... Failed (download error)
[253/937] Downloading GCF_002368335.1... Failed (download error)
[254/937] Downloading GCF_003367075.2... Failed (download error)
[255/937] Downloading GCF_002949795.1... Failed (download error)
[256/937] Downloading GCF_009498015.1... Failed (download error)
[257/937] Downloading GCF_006968745.1... Failed (download error)
[258/937] Downloading GCF_000317575.1... Failed (download error)
[259/937] Downloading GCF_047305135.1... Failed (download error)
[260/937] Downloading GCF_007904085.1... Failed (download error)
[261/937] Downloading GCF_000317635.1... Failed (download error)
[262/937] Downloading GCF_002368035.1... Failed (download error)
[263/937] Downloading GCA_003990685.1... Failed (download error)
[264/937] Downloading GCF_018336915.1... Failed (download error)
[265/937] Downloading GCF_030544905.1... Failed (download error)
[266/937] Downloading GCF_022984195.1... Failed (download error)
[267/937] Downloading GCF_000817325.1... Failed (download error)
[268/937] Downloading GCF_000012525.1... Failed (download error)
[269/937] Downloading GCF_000316645.1... Failed (download error)
[270/937] Downloading GCF_052692665.1... Failed (download error)
[271/937] Downloading GCF_014023275.1... Failed (download error)
[272/937] Downloading GCF_048568235.1... Failed (download error)
[273/937] Downloading GCF_002813575.1... Failed (download error)
[274/937] Downloading GCF_900009275.2... Failed (download error)
[275/937] Downloading GCF_026240635.1... Failed (download error)
[276/937] Downloading GCF_025999095.1... Failed (download error)
[277/937] Downloading GCF_047302795.1... Failed (download error)
[278/937] Downloading GCF_021379005.1... Failed (download error)
[279/937] Downloading GCF_052692655.1... Failed (download error)
[280/937] Downloading GCF_006968915.1... Failed (download error)
[281/937] Downloading GCF_024584745.1... Failed (download error)
[282/937] Downloading GCF_022984345.1... Failed (download error)
[283/937] Downloading GCF_017164015.1... Failed (download error)
[284/937] Downloading GCF_009372195.1... Failed (download error)
[285/937] Downloading GCF_022984265.1... Failed (download error)
[286/937] Downloading GCF_027359475.1... Failed (download error)
[287/937] Downloading GCF_002368315.1... Failed (download error)
[288/937] Downloading GCF_904830935.1... Failed (download error)
[289/937] Downloading GCF_022701275.1... Failed (download error)
[290/937] Downloading GCF_000317025.1... Failed (download error)
[291/937] Downloading GCF_043099735.1... Failed (download error)
[292/937] Downloading GCF_000312705.1... Failed (download error)
[293/937] Downloading GCF_048568275.1... Failed (download error)
[294/937] Downloading GCF_001548455.1... Failed (download error)
[295/937] Downloading GCF_049315035.1... Failed (download error)
[296/937] Downloading GCF_028623165.1... Failed (download error)
[297/937] Downloading GCF_022063185.1... Failed (download error)
[298/937] Downloading GCF_001277295.1... Failed (download error)
[299/937] Downloading GCF_015245355.1... Failed (download error)
[300/937] Downloading GCF_002368275.1... Failed (download error)
[301/937] Downloading GCF_002075285.3... Failed (download error)
[302/937] Downloading GCF_000010065.1... Failed (download error)
[303/937] Downloading GCF_001548435.1... Failed (download error)
[304/937] Downloading GCF_001870225.1... Failed (download error)
[305/937] Downloading GCF_003443655.1... Failed (download error)
[306/937] Downloading GCF_000196515.1... Failed (download error)
[307/937] Downloading GCF_011769525.1... Failed (download error)
[308/937] Downloading GCF_047302775.1... Failed (download error)
[309/937] Downloading GCF_002368295.1... Failed (download error)
[310/937] Downloading GCF_043099315.1... Failed (download error)
[311/937] Downloading GCF_050562215.1... Failed (download error)
[312/937] Downloading GCF_018389385.1... Failed (download error)
[313/937] Downloading GCF_002368455.1... Failed (download error)
[314/937] Downloading GCF_002368415.1... Failed (download error)
[315/937] Downloading GCF_043099305.1... Failed (download error)
[316/937] Downloading GCF_904830955.1... Failed (download error)
[317/937] Downloading GCF_002368195.1... Failed (download error)
[318/937] Downloading GCF_000484535.1... Failed (download error)
[319/937] Downloading GCF_904830925.1... Failed (download error)
[320/937] Downloading GCF_019977735.1... Failed (download error)
[321/937] Downloading GCF_032598965.1... Failed (download error)
[322/937] Downloading GCF_040436315.1... Failed (download error)
[323/937] Downloading GCF_003957805.1... Failed (download error)
[324/937] Downloading GCF_002368175.1... Failed (download error)
[325/937] Downloading GCF_020091585.1... Failed (download error)
[326/937] Downloading GCF_947331815.1... Failed (download error)
[327/937] Downloading GCF_001611905.1... Failed (download error)
[328/937] Downloading GCF_023546805.1... Failed (download error)
[329/937] Downloading GCF_029919255.1... Failed (download error)
[330/937] Downloading GCF_002367995.1... Failed (download error)
[331/937] Downloading GCF_003574135.1... Failed (download error)
[332/937] Downloading GCF_021497025.1... Failed (download error)
[333/937] Downloading GCF_003846445.2... Failed (download error)
[334/937] Downloading GCF_002368095.1... Failed (download error)
[335/937] Downloading GCA_004296455.1... Failed (download error)
[336/937] Downloading GCF_050422935.1... Failed (download error)
[337/937] Downloading GCF_003967015.1... Failed (download error)
[338/937] Downloading GCA_025999015.1... Failed (download error)
[339/937] Downloading GCA_016745315.2... Failed (download error)
[340/937] Downloading GCF_001548395.1... Failed (download error)
[341/937] Downloading GCF_000734895.2... Failed (download error)
[342/937] Downloading GCA_052279665.1... Failed (download error)
[343/937] Downloading GCF_002754935.1... Failed (download error)
[344/937] Downloading GCF_000829235.1... Failed (download error)
[345/937] Downloading GCF_002368395.1... Failed (download error)
[346/937] Downloading GCF_001298445.1... Failed (download error)
[347/937] Downloading GCF_029910235.1... Failed (download error)
[348/937] Downloading GCA_052279835.1... Failed (download error)
[349/937] Downloading GCA_052280365.1... Failed (download error)
[350/937] Downloading GCF_003846445.1... Failed (download error)
[351/937] Downloading GCF_048077055.1... Failed (download error)
[352/937] Downloading GCF_023734775.1... Failed (download error)
[353/937] Downloading GCF_020885515.1... Failed (download error)
[354/937] Downloading GCF_000025125.1... Failed (download error)
[355/937] Downloading GCA_052721205.1... Failed (download error)
[356/937] Downloading GCA_052692605.1... Failed (download error)
[357/937] Downloading GCA_052180185.1... Failed (download error)
[358/937] Downloading GCA_051059355.1... Failed (download error)
[359/937] Downloading GCA_051013385.1... Failed (download error)
[360/937] Downloading GCA_050884905.1... Failed (download error)
[361/937] Downloading GCA_050507565.1... Failed (download error)
[362/937] Downloading GCA_050507555.1... Failed (download error)
[363/937] Downloading GCA_050507495.1... Failed (download error)
[364/937] Downloading GCA_046116335.1... Failed (download error)
[365/937] Downloading GCA_045159875.1... Failed (download error)
[366/937] Downloading GCA_042919575.1... Failed (download error)
[367/937] Downloading GCA_042692285.1... Failed (download error)
[368/937] Downloading GCA_042083005.1... Failed (download error)
[369/937] Downloading GCA_041937185.1... Failed (download error)
[370/937] Downloading GCA_041530395.1... Failed (download error)
[371/937] Downloading GCA_038087035.1... Failed (download error)
[372/937] Downloading GCA_038087005.1... Failed (download error)
[373/937] Downloading GCA_025370055.1... Failed (download error)
[374/937] Downloading GCA_904830895.1... Failed (download error)
[375/937] Downloading GCA_904830785.1... Failed (download error)
[376/937] Downloading GCA_024036375.1... Failed (download error)
[377/937] Downloading GCA_022206215.1... Failed (download error)
[378/937] Downloading GCA_022184905.1... Failed (download error)
[379/937] Downloading GCA_020386575.1... Failed (download error)
[380/937] Downloading GCF_018447775.1... Failed (download error)
[381/937] Downloading GCF_018447755.1... Failed (download error)
[382/937] Downloading GCF_018447705.1... Failed (download error)
[383/937] Downloading GCA_018295985.1... Failed (download error)
[384/937] Downloading GCA_018295965.1... Failed (download error)
[385/937] Downloading GCA_018295975.1... Failed (download error)
[386/937] Downloading GCA_017355425.1... Failed (download error)
[387/937] Downloading GCA_017346875.1... Failed (download error)
[388/937] Downloading GCA_017346855.1... Failed (download error)
[389/937] Downloading GCA_017346835.1... Failed (download error)
[390/937] Downloading GCA_017346815.1... Failed (download error)
[391/937] Downloading GCA_017346795.1... Failed (download error)
[392/937] Downloading GCF_016745315.1... Failed (download error)
[393/937] Downloading GCF_002075285.2... Failed (download error)
[394/937] Downloading GCF_002163975.1... Failed (download error)
[395/937] Downloading GCF_000340565.1... Failed (download error)
[396/937] Downloading GCF_000309945.1... Failed (download error)
[397/937] Downloading GCF_003019735.1... Failed (download error)
[398/937] Downloading GCF_038396575.1... Failed (download error)
[399/937] Downloading GCF_040564635.1... Failed (download error)
[400/937] Downloading GCF_047716805.1... Failed (download error)
[401/937] Downloading GCF_050235535.1... Failed (download error)
[402/937] Downloading GCF_000317515.1... Failed (download error)
[403/937] Downloading GCF_001548095.1... Failed (download error)
[404/937] Downloading GCF_000015965.1... Failed (download error)
[405/937] Downloading GCF_047947085.1... Failed (download error)
[406/937] Downloading GCF_000012645.1... Failed (download error)
[407/937] Downloading GCF_034093315.1... Failed (download error)
[408/937] Downloading GCF_000018065.1... Failed (download error)
[409/937] Downloading GCF_027359525.1... Failed (download error)
[410/937] Downloading GCF_027359355.1... Failed (download error)
[411/937] Downloading GCF_000015645.1... Failed (download error)
[412/937] Downloading GCF_051201415.1... Failed (download error)
[413/937] Downloading GCF_027359575.1... Failed (download error)
[414/937] Downloading GCF_034092375.1... Failed (download error)
[415/937] Downloading GCF_027359395.1... Failed (download error)
[416/937] Downloading GCF_047304605.1... Failed (download error)
[417/937] Downloading GCF_047302905.1... Failed (download error)
[418/937] Downloading GCF_047302765.1... Failed (download error)
[419/937] Downloading GCF_000007925.1... Failed (download error)
[420/937] Downloading GCF_014489415.1... Failed (download error)
[421/937] Downloading GCF_000012465.1... Failed (download error)
[422/937] Downloading GCF_047304535.1... Failed (download error)
[423/937] Downloading GCF_047304525.1... Failed (download error)
[424/937] Downloading GCF_047302975.1... Failed (download error)
[425/937] Downloading GCF_000332235.1... Failed (download error)
[426/937] Downloading GCF_001548115.1... Failed (download error)
[427/937] Downloading GCF_018139025.1... Failed (download error)
[428/937] Downloading GCF_050563455.1... Failed (download error)
[429/937] Downloading GCF_000021805.1... Failed (download error)
[430/937] Downloading GCF_031583475.1... Failed (download error)
[431/937] Downloading GCF_031583225.1... Failed (download error)
[432/937] Downloading GCF_031583205.1... Failed (download error)
[433/937] Downloading GCF_030518735.1... Failed (download error)
[434/937] Downloading GCF_030518695.1... Failed (download error)
[435/937] Downloading GCF_047302745.1... Failed (download error)
[436/937] Downloading GCF_000017845.1... Failed (download error)
[437/937] Downloading GCF_027359375.1... Failed (download error)
[438/937] Downloading GCF_001989455.1... Failed (download error)
[439/937] Downloading GCF_001989435.1... Failed (download error)
[440/937] Downloading GCF_001989415.1... Failed (download error)
[441/937] Downloading GCF_047305235.1... Failed (download error)
[442/937] Downloading GCF_047305115.1... Failed (download error)
[443/937] Downloading GCF_047304685.1... Failed (download error)
[444/937] Downloading GCA_003994795.1... Failed (download error)
[445/937] Downloading GCF_047305155.1... Failed (download error)
[446/937] Downloading GCF_012516395.1... Failed (download error)
[447/937] Downloading GCF_038050375.1... Failed (download error)
[448/937] Downloading GCF_019598945.1... Failed (download error)
[449/937] Downloading GCF_047302725.1... Failed (download error)
[450/937] Downloading GCF_027359415.1... Failed (download error)
[451/937] Downloading GCF_000757845.1... Failed (download error)
[452/937] Downloading GCF_014279595.1... Failed (download error)
[453/937] Downloading GCF_023983615.1... Failed (download error)
[454/937] Downloading GCF_001854205.1... Failed (download error)
[455/937] Downloading GCF_000340565.2... Failed (download error)
[456/937] Downloading GCF_022376295.1... Failed (download error)
[457/937] Downloading GCF_000757865.1... Failed (download error)
[458/937] Downloading GCF_000020025.1... Failed (download error)
[459/937] Downloading GCF_002368435.1... Failed (download error)
[460/937] Downloading GCF_047304675.1... Failed (download error)
[461/937] Downloading GCF_047305225.1... Failed (download error)
[462/937] Downloading GCF_000018105.1... Failed (download error)
[463/937] Downloading GCF_002949735.1... Failed (download error)
[464/937] Downloading GCF_000015665.1... Failed (download error)
[465/937] Downloading GCF_000011465.1... Failed (download error)
[466/937] Downloading GCF_000317535.1... Failed (download error)
[467/937] Downloading GCF_002368015.1... Failed (download error)
[468/937] Downloading GCF_009856605.1... Failed (download error)
[469/937] Downloading GCF_000316625.1... Failed (download error)
[470/937] Downloading GCF_047497125.1... Failed (download error)
[471/937] Downloading GCF_047497115.1... Failed (download error)
[472/937] Downloading GCF_000316665.1... Failed (download error)
[473/937] Downloading GCF_003054475.1... Failed (download error)
[474/937] Downloading GCF_002367975.1... Failed (download error)
[475/937] Downloading GCF_002368135.1... Failed (download error)
[476/937] Downloading GCF_047302875.1... Failed (download error)
[477/937] Downloading GCF_047302855.1... Failed (download error)
[478/937] Downloading GCF_000147335.1... Failed (download error)
[479/937] Downloading GCF_000015685.1... Failed (download error)
[480/937] Downloading GCF_036345015.1... Failed (download error)
[481/937] Downloading GCF_000204075.1... Failed (download error)
[482/937] Downloading GCF_002368255.1... Failed (download error)
[483/937] Downloading GCF_002142495.1... Failed (download error)
[484/937] Downloading GCF_002142475.1... Failed (download error)
[485/937] Downloading GCF_021650815.1... Failed (download error)
[486/937] Downloading GCF_009873495.1... Failed (download error)
[487/937] Downloading GCF_022372495.1... Failed (download error)
[488/937] Downloading GCF_043099725.1... Failed (download error)
[489/937] Downloading GCF_002368055.1... Failed (download error)
[490/937] Downloading GCF_001548375.1... Failed (download error)
[491/937] Downloading GCF_001854205.2... Failed (download error)
[492/937] Downloading GCF_047276495.1... Failed (download error)
[493/937] Downloading GCF_008121535.1... Failed (download error)
[494/937] Downloading GCF_047304625.1... Failed (download error)
[495/937] Downloading GCF_047303175.1... Failed (download error)
[496/937] Downloading GCF_047305065.1... Failed (download error)
[497/937] Downloading GCF_047305015.1... Failed (download error)
[498/937] Downloading GCF_002368155.1... Failed (download error)
[499/937] Downloading GCF_002368235.1... Failed (download error)
[500/937] Downloading GCF_038096175.1... Failed (download error)
[501/937] Downloading GCF_025860405.1... Failed (download error)
[502/937] Downloading GCF_047303505.1... Failed (download error)
[503/937] Downloading GCF_026000695.1... Failed (download error)
[504/937] Downloading GCF_000210375.1... Failed (download error)
[505/937] Downloading GCF_002896875.1... Failed (download error)
[506/937] Downloading GCF_032163395.1... Failed (download error)
[507/937] Downloading GCF_029953635.1... Failed (download error)
[508/937] Downloading GCF_027359595.1... Failed (download error)
[509/937] Downloading GCF_002368075.1... Failed (download error)
[510/937] Downloading GCF_047649235.1... Failed (download error)
[511/937] Downloading GCF_032705245.1... Failed (download error)
[512/937] Downloading GCF_001746915.2... Failed (download error)
[513/937] Downloading GCF_002367955.1... Failed (download error)
[514/937] Downloading GCF_013343235.1... Failed (download error)
[515/937] Downloading GCA_003990705.1... Failed (download error)
[516/937] Downloading GCF_013393925.1... Failed (download error)
[517/937] Downloading GCF_000317125.1... Failed (download error)
[518/937] Downloading GCF_019891175.1... Failed (download error)
[519/937] Downloading GCF_000013225.1... Failed (download error)
[520/937] Downloading GCF_000013205.1... Failed (download error)
[521/937] Downloading GCF_000317695.1... Failed (download error)
[522/937] Downloading GCF_047305125.1... Failed (download error)
[523/937] Downloading GCA_026000695.1... Failed (download error)
[524/937] Downloading GCF_025677855.1... Failed (download error)
[525/937] Downloading GCF_000317085.1... Failed (download error)
[526/937] Downloading GCF_032620035.1... Failed (download error)
[527/937] Downloading GCF_047303555.1... Failed (download error)
[528/937] Downloading GCF_000317555.1... Failed (download error)
[529/937] Downloading GCF_000317435.1... Failed (download error)
[530/937] Downloading GCF_019976755.1... Failed (download error)
[531/937] Downloading GCF_013393905.1... Failed (download error)
[532/937] Downloading GCF_002368215.1... Failed (download error)
[533/937] Downloading GCF_000009705.1... Failed (download error)
[534/937] Downloading GCF_000317145.1... Failed (download error)
[535/937] Downloading GCF_044923475.1... Failed (download error)
[536/937] Downloading GCF_019056575.1... Failed (download error)
[537/937] Downloading GCF_002368115.1... Failed (download error)
[538/937] Downloading GCF_032813545.1... Failed (download error)
[539/937] Downloading GCF_016919485.1... Failed (download error)
[540/937] Downloading GCF_013177315.1... Failed (download error)
[541/937] Downloading GCF_026802175.1... Failed (download error)
[542/937] Downloading GCF_002355455.1... Failed (download error)
[543/937] Downloading GCF_047305145.1... Failed (download error)
[544/937] Downloading GCF_047275885.1... Failed (download error)
[545/937] Downloading GCF_047304615.1... Failed (download error)
[546/937] Downloading GCF_000021825.1... Failed (download error)
[547/937] Downloading GCF_013393945.1... Failed (download error)
[548/937] Downloading GCF_000316575.1... Failed (download error)
[549/937] Downloading GCF_000014265.1... Failed (download error)
[550/937] Downloading GCF_032393985.1... Failed (download error)
[551/937] Downloading GCF_000317615.1... Failed (download error)
[552/937] Downloading GCF_002368335.1... Failed (download error)
[553/937] Downloading GCF_003367075.2... Failed (download error)
[554/937] Downloading GCF_002949795.1... Failed (download error)
[555/937] Downloading GCF_009498015.1... Failed (download error)
[556/937] Downloading GCF_006968745.1... Failed (download error)
[557/937] Downloading GCF_000317575.1... Failed (download error)
[558/937] Downloading GCF_047305135.1... Failed (download error)
[559/937] Downloading GCF_007904085.1... Failed (download error)
[560/937] Downloading GCF_000317635.1... Failed (download error)
[561/937] Downloading GCF_002368035.1... Failed (download error)
[562/937] Downloading GCA_003990685.1... Failed (download error)
[563/937] Downloading GCF_018336915.1... Failed (download error)
[564/937] Downloading GCF_030544905.1... Failed (download error)
[565/937] Downloading GCF_022984195.1... Failed (download error)
[566/937] Downloading GCF_000817325.1... Failed (download error)
[567/937] Downloading GCF_000012525.1... Failed (download error)
[568/937] Downloading GCF_000316645.1... Failed (download error)
[569/937] Downloading GCF_052692665.1... Failed (download error)
[570/937] Downloading GCF_014023275.1... Failed (download error)
[571/937] Downloading GCF_048568235.1... Failed (download error)
[572/937] Downloading GCF_002813575.1... Failed (download error)
[573/937] Downloading GCF_900009275.2... Failed (download error)
[574/937] Downloading GCF_026240635.1... Failed (download error)
[575/937] Downloading GCF_025999095.1... Failed (download error)
[576/937] Downloading GCF_047302795.1... Failed (download error)
[577/937] Downloading GCF_021379005.1... Failed (download error)
[578/937] Downloading GCF_052692655.1... Failed (download error)
[579/937] Downloading GCF_006968915.1... Failed (download error)
[580/937] Downloading GCF_024584745.1... Failed (download error)
[581/937] Downloading GCF_022984345.1... Failed (download error)
[582/937] Downloading GCF_017164015.1... Failed (download error)
[583/937] Downloading GCF_009372195.1... Failed (download error)
[584/937] Downloading GCF_022984265.1... Failed (download error)
[585/937] Downloading GCF_027359475.1... Failed (download error)
[586/937] Downloading GCF_002368315.1... Failed (download error)
[587/937] Downloading GCF_904830935.1... Failed (download error)
[588/937] Downloading GCF_022701275.1... Failed (download error)
[589/937] Downloading GCF_000317025.1... Failed (download error)
[590/937] Downloading GCF_043099735.1... Failed (download error)
[591/937] Downloading GCF_000312705.1... Failed (download error)
[592/937] Downloading GCF_048568275.1... Failed (download error)
[593/937] Downloading GCF_001548455.1... Failed (download error)
[594/937] Downloading GCF_049315035.1... Failed (download error)
[595/937] Downloading GCF_028623165.1... Failed (download error)
[596/937] Downloading GCF_022063185.1... Failed (download error)
[597/937] Downloading GCF_001277295.1... Failed (download error)
[598/937] Downloading GCF_015245355.1... Failed (download error)
[599/937] Downloading GCF_002368275.1... Failed (download error)
[600/937] Downloading GCF_002075285.3... Failed (download error)
[601/937] Downloading GCF_000010065.1... Failed (download error)
[602/937] Downloading GCF_001548435.1... Failed (download error)
[603/937] Downloading GCF_001870225.1... Failed (download error)
[604/937] Downloading GCF_003443655.1... Failed (download error)
[605/937] Downloading GCF_000196515.1... Failed (download error)
[606/937] Downloading GCF_011769525.1... Failed (download error)
[607/937] Downloading GCF_047302775.1... Failed (download error)
[608/937] Downloading GCF_002368295.1... Failed (download error)
[609/937] Downloading GCF_043099315.1... Failed (download error)
[610/937] Downloading GCF_050562215.1... Failed (download error)
[611/937] Downloading GCF_018389385.1... Failed (download error)
[612/937] Downloading GCF_002368455.1... Failed (download error)
[613/937] Downloading GCF_002368415.1... Failed (download error)
[614/937] Downloading GCF_043099305.1... Failed (download error)
[615/937] Downloading GCF_904830955.1... Failed (download error)
[616/937] Downloading GCF_002368195.1... Failed (download error)
[617/937] Downloading GCF_000484535.1... Failed (download error)
[618/937] Downloading GCF_904830925.1... Failed (download error)
[619/937] Downloading GCF_019977735.1... Failed (download error)
[620/937] Downloading GCF_032598965.1... Failed (download error)
[621/937] Downloading GCF_040436315.1... Failed (download error)
[622/937] Downloading GCF_003957805.1... Failed (download error)
[623/937] Downloading GCF_002368175.1... Failed (download error)
[624/937] Downloading GCF_020091585.1... Failed (download error)
[625/937] Downloading GCF_947331815.1... Failed (download error)
[626/937] Downloading GCF_001611905.1... Failed (download error)
[627/937] Downloading GCF_023546805.1... Failed (download error)
[628/937] Downloading GCF_029919255.1... Failed (download error)
[629/937] Downloading GCF_002367995.1... Failed (download error)
[630/937] Downloading GCF_003574135.1... Failed (download error)
[631/937] Downloading GCF_021497025.1... Failed (download error)
[632/937] Downloading GCF_003846445.2... Failed (download error)
[633/937] Downloading GCF_002368095.1... Failed (download error)
[634/937] Downloading GCA_004296455.1... Failed (download error)
[635/937] Downloading GCF_050422935.1... Failed (download error)
[636/937] Downloading GCF_003967015.1... Failed (download error)
[637/937] Downloading GCA_025999015.1... Failed (download error)
[638/937] Downloading GCA_016745315.2... Failed (download error)
[639/937] Downloading GCF_001548395.1... Failed (download error)
[640/937] Downloading GCF_000734895.2... Failed (download error)
[641/937] Downloading GCA_052279665.1... Failed (download error)
[642/937] Downloading GCF_002754935.1... Failed (download error)
[643/937] Downloading GCF_000829235.1... Failed (download error)
[644/937] Downloading GCF_002368395.1... Failed (download error)
[645/937] Downloading GCF_001298445.1... Failed (download error)
[646/937] Downloading GCF_029910235.1... Failed (download error)
[647/937] Downloading GCA_052279835.1... Failed (download error)
[648/937] Downloading GCA_052280365.1... Failed (download error)
[649/937] Downloading GCF_003846445.1... Failed (download error)
[650/937] Downloading GCF_048077055.1... Failed (download error)
[651/937] Downloading GCF_023734775.1... Failed (download error)
[652/937] Downloading GCF_020885515.1... Failed (download error)
[653/937] Downloading GCF_000025125.1... Failed (download error)
[654/937] Downloading GCA_052721205.1... Failed (download error)
[655/937] Downloading GCA_052692605.1... Failed (download error)
[656/937] Downloading GCA_052180185.1... Failed (download error)
[657/937] Downloading GCA_051059355.1... Failed (download error)
[658/937] Downloading GCA_051013385.1... Failed (download error)
[659/937] Downloading GCA_050884905.1... Failed (download error)
[660/937] Downloading GCA_050507565.1... Failed (download error)
[661/937] Downloading GCA_050507555.1... Failed (download error)
[662/937] Downloading GCA_050507495.1... Failed (download error)
[663/937] Downloading GCA_046116335.1... Failed (download error)
[664/937] Downloading GCA_045159875.1... Failed (download error)
[665/937] Downloading GCA_042919575.1... Failed (download error)
[666/937] Downloading GCA_042692285.1... Failed (download error)
[667/937] Downloading GCA_042083005.1... Failed (download error)
[668/937] Downloading GCA_041937185.1... Failed (download error)
[669/937] Downloading GCA_041530395.1... Failed (download error)
[670/937] Downloading GCA_038087035.1... Failed (download error)
[671/937] Downloading GCA_038087005.1... Failed (download error)
[672/937] Downloading GCA_025370055.1... Failed (download error)
[673/937] Downloading GCA_904830895.1... Failed (download error)
[674/937] Downloading GCA_904830785.1... Failed (download error)
[675/937] Downloading GCA_024036375.1... Failed (download error)
[676/937] Downloading GCA_022206215.1... Failed (download error)
[677/937] Downloading GCA_022184905.1... Failed (download error)
[678/937] Downloading GCA_020386575.1... Failed (download error)
[679/937] Downloading GCF_018447775.1... Failed (download error)
[680/937] Downloading GCF_018447755.1... Failed (download error)
[681/937] Downloading GCF_018447705.1... Failed (download error)
[682/937] Downloading GCA_018295985.1... Failed (download error)
[683/937] Downloading GCA_018295965.1... Failed (download error)
[684/937] Downloading GCA_018295975.1... Failed (download error)
[685/937] Downloading GCA_017355425.1... Failed (download error)
[686/937] Downloading GCA_017346875.1... Failed (download error)
[687/937] Downloading GCA_017346855.1... Failed (download error)
[688/937] Downloading GCA_017346835.1... Failed (download error)
[689/937] Downloading GCA_017346815.1... Failed (download error)
[690/937] Downloading GCA_017346795.1... Failed (download error)
[691/937] Downloading GCF_016745315.1... Failed (download error)
[692/937] Downloading GCF_002075285.2... Failed (download error)
[693/937] Downloading GCF_002163975.1... Failed (download error)
[694/937] Downloading GCF_000340565.1... Failed (download error)
[695/937] Downloading GCF_000309945.1... Failed (download error)
[696/937] Downloading GCF_003019735.1... Failed (download error)
[697/937] Downloading GCF_038396575.1... Failed (download error)
[698/937] Downloading GCF_040564635.1... Failed (download error)
[699/937] Downloading GCF_047716805.1... Failed (download error)
[700/937] Downloading GCF_019704275.1... Failed (download error)
[701/937] Downloading GCF_000010625.1... Failed (download error)
[702/937] Downloading GCF_000317045.1... Failed (download error)
[703/937] Downloading GCF_023078835.1... Failed (download error)
[704/937] Downloading GCF_050500235.1... Failed (download error)
[705/937] Downloading GCF_048820285.1... Failed (download error)
[706/937] Downloading GCF_032701645.1... Failed (download error)
[707/937] Downloading GCF_031754835.1... Failed (download error)
[708/937] Downloading GCF_010196425.1... Failed (download error)
[709/937] Downloading GCF_003945305.1... Failed (download error)
[710/937] Downloading GCF_000981785.2... Failed (download error)
[711/937] Downloading GCF_005577135.1... Failed (download error)
[712/937] Downloading GCF_000317475.1... Failed (download error)
[713/937] Downloading GCF_000019485.1... Failed (download error)
[714/937] Downloading GCF_014489865.2... Failed (download error)
[715/937] Downloading GCF_000018585.1... Failed (download error)
[716/937] Downloading GCF_000015705.1... Failed (download error)
[717/937] Downloading GCF_003555505.1... Failed (download error)
[718/937] Downloading GCF_047304505.1... Failed (download error)
[719/937] Downloading GCF_047303415.1... Failed (download error)
[720/937] Downloading GCF_047303155.1... Failed (download error)
[721/937] Downloading GCF_047304905.1... Failed (download error)
[722/937] Downloading GCF_047304515.1... Failed (download error)
[723/937] Downloading GCF_047303495.1... Failed (download error)
[724/937] Downloading GCF_047303465.1... Failed (download error)
[725/937] Downloading GCF_047302985.1... Failed (download error)
[726/937] Downloading GCF_047302865.1... Failed (download error)
[727/937] Downloading GCF_047302805.1... Failed (download error)
[728/937] Downloading GCF_047304495.1... Failed (download error)
[729/937] Downloading GCF_963920475.1... Failed (download error)
[730/937] Downloading GCF_014279995.1... Failed (download error)
[731/937] Downloading GCF_012295525.1... Failed (download error)
[732/937] Downloading GCF_047497135.1... Failed (download error)
[733/937] Downloading GCF_014217875.1... Failed (download error)
[734/937] Downloading GCF_047303045.1... Failed (download error)
[735/937] Downloading GCF_014280215.1... Failed (download error)
[736/937] Downloading GCF_014279615.1... Failed (download error)
[737/937] Downloading GCF_014279535.1... Failed (download error)
[738/937] Downloading GCF_012516315.1... Failed (download error)
[739/937] Downloading GCF_047302785.1... Failed (download error)
[740/937] Downloading GCF_014279875.1... Failed (download error)
[741/937] Downloading GCF_014279795.1... Failed (download error)
[742/937] Downloading GCF_047302735.1... Failed (download error)
[743/937] Downloading GCF_014280195.1... Failed (download error)
[744/937] Downloading GCF_014280175.1... Failed (download error)
[745/937] Downloading GCF_014279975.1... Failed (download error)
[746/937] Downloading GCF_014279575.1... Failed (download error)
[747/937] Downloading GCF_001040845.1... Failed (download error)
[748/937] Downloading GCF_000737595.1... Failed (download error)
[749/937] Downloading GCF_050711215.1... Failed (download error)
[750/937] Downloading GCF_042134685.1... Failed (download error)
[751/937] Downloading GCF_050500245.1... Failed (download error)
[752/937] Downloading GCF_001693295.1... Failed (download error)
[753/937] Downloading GCF_001693275.1... Failed (download error)
[754/937] Downloading GCF_001693255.1... Failed (download error)
[755/937] Downloading GCF_001521855.1... Failed (download error)
[756/937] Downloading GCF_031586415.1... Failed (download error)
[757/937] Downloading GCF_031583555.1... Failed (download error)
[758/937] Downloading GCF_031583535.1... Failed (download error)
[759/937] Downloading GCF_031583515.1... Failed (download error)
[760/937] Downloading GCF_031583435.1... Failed (download error)
[761/937] Downloading GCF_031583415.1... Failed (download error)
[762/937] Downloading GCF_031583395.1... Failed (download error)
[763/937] Downloading GCF_031583375.1... Failed (download error)
[764/937] Downloading GCF_031583355.1... Failed (download error)
[765/937] Downloading GCF_031583335.1... Failed (download error)
[766/937] Downloading GCF_031583315.1... Failed (download error)
[767/937] Downloading GCF_031583295.1... Failed (download error)
[768/937] Downloading GCF_031583255.1... Failed (download error)
[769/937] Downloading GCF_031583185.1... Failed (download error)
[770/937] Downloading GCF_030518715.1... Failed (download error)
[771/937] Downloading GCF_030323045.1... Failed (download error)
[772/937] Downloading GCF_030322985.1... Failed (download error)
[773/937] Downloading GCF_030322965.1... Failed (download error)
[774/937] Downloading GCF_017086385.1... Failed (download error)
[775/937] Downloading GCF_047304245.1... Failed (download error)
[776/937] Downloading GCF_014279855.1... Failed (download error)
[777/937] Downloading GCF_000316685.1... Failed (download error)
[778/937] Downloading GCF_047304785.1... Failed (download error)
[779/937] Downloading GCF_047302755.1... Failed (download error)
[780/937] Downloading GCF_023650955.1... Failed (download error)
[781/937] Downloading GCF_000011345.1... Failed (download error)
[782/937] Downloading GCF_038630775.1... Failed (download error)
[783/937] Downloading GCF_035320825.1... Failed (download error)
[784/937] Downloading GCF_045345185.1... Failed (download error)
[785/937] Downloading GCF_033798705.1... Failed (download error)
[786/937] Downloading GCF_000317675.1... Failed (download error)
[787/937] Downloading GCF_000011485.1... Failed (download error)
[788/937] Downloading GCF_031583495.1... Failed (download error)
[789/937] Downloading GCF_031583455.1... Failed (download error)
[790/937] Downloading GCF_003990665.1... Failed (download error)
[791/937] Downloading GCF_018845095.1... Failed (download error)
[792/937] Downloading GCF_000340785.1... Failed (download error)
[793/937] Downloading GCF_001318385.1... Failed (download error)
[794/937] Downloading GCF_000284455.1... Failed (download error)
[795/937] Downloading GCF_000284215.1... Failed (download error)
[796/937] Downloading GCF_000284135.1... Failed (download error)
[797/937] Downloading GCF_000270265.1... Failed (download error)
[798/937] Downloading GCF_047303165.1... Failed (download error)
[799/937] Downloading GCF_047304175.1... Failed (download error)
[800/937] Downloading GCF_047304545.1... Failed (download error)
[801/937] Downloading GCF_047304065.1... Failed (download error)
[802/937] Downloading GCF_047303035.1... Failed (download error)
[803/937] Downloading GCF_047303025.1... Failed (download error)
[804/937] Downloading GCF_018502385.1... Failed (download error)
[805/937] Downloading GCF_014279955.1... Failed (download error)
[806/937] Downloading GCF_000179235.2... Failed (download error)
[807/937] Downloading GCF_963920465.1... Failed (download error)
[808/937] Downloading GCF_015841355.1... Failed (download error)
[809/937] Downloading GCF_014280095.1... Failed (download error)
[810/937] Downloading GCF_014279915.1... Failed (download error)
[811/937] Downloading GCF_014279775.1... Failed (download error)
[812/937] Downloading GCF_963920505.1... Failed (download error)
[813/937] Downloading GCF_014217855.1... Failed (download error)
[814/937] Downloading GCF_000014585.1... Failed (download error)
[815/937] Downloading GCF_047304705.1... Failed (download error)
[816/937] Downloading GCF_047304555.1... Failed (download error)
[817/937] Downloading GCF_014304815.1... Failed (download error)
[818/937] Downloading GCF_014280055.1... Failed (download error)
[819/937] Downloading GCF_014280035.1... Failed (download error)
[820/937] Downloading GCF_014280015.1... Failed (download error)
[821/937] Downloading GCF_014279895.1... Failed (download error)
[822/937] Downloading GCF_014279835.1... Failed (download error)
[823/937] Downloading GCF_014279755.1... Failed (download error)
[824/937] Downloading GCF_000737535.1... Failed (download error)
[825/937] Downloading GCF_000012625.1... Failed (download error)
[826/937] Downloading GCF_029636065.1... Failed (download error)
[827/937] Downloading GCF_026222535.1... Failed (download error)
[828/937] Downloading GCF_041506625.1... Failed (download error)
[829/937] Downloading GCF_030553035.1... Failed (download error)
[830/937] Downloading GCF_021172085.1... Failed (download error)
[831/937] Downloading GCF_024347835.1... Failed (download error)
[832/937] Downloading GCF_008386235.1... Failed (download error)
[833/937] Downloading GCF_050408035.1... Failed (download error)
[834/937] Downloading GCF_000009725.1... Failed (download error)
[835/937] Downloading GCF_003015225.1... Failed (download error)
[836/937] Downloading GCF_022869765.1... Failed (download error)
[837/937] Downloading GCF_014280075.1... Failed (download error)
[838/937] Downloading GCF_014279635.1... Failed (download error)
[839/937] Downloading GCF_002368355.1... Failed (download error)
[840/937] Downloading GCF_000317655.1... Failed (download error)
[841/937] Downloading GCF_015840915.1... Failed (download error)
[842/937] Downloading GCF_015840525.1... Failed (download error)
[843/937] Downloading GCF_963920495.1... Failed (download error)
[844/937] Downloading GCF_014279555.1... Failed (download error)
[845/937] Downloading GCF_046847955.1... Failed (download error)
[846/937] Downloading GCF_046847945.1... Failed (download error)
[847/937] Downloading GCF_046847935.1... Failed (download error)
[848/937] Downloading GCF_046846445.1... Failed (download error)
[849/937] Downloading GCF_023115425.1... Failed (download error)
[850/937] Downloading GCF_047304725.1... Failed (download error)
[851/937] Downloading GCF_014280115.1... Failed (download error)
[852/937] Downloading GCF_014279815.1... Failed (download error)
[853/937] Downloading GCF_001182765.1... Failed (download error)
[854/937] Downloading GCF_000737575.1... Failed (download error)
[855/937] Downloading GCF_000161795.2... Failed (download error)
[856/937] Downloading GCF_000195975.1... Failed (download error)
[857/937] Downloading GCF_000332275.1... Failed (download error)
[858/937] Downloading GCF_000316605.1... Failed (download error)
[859/937] Downloading GCF_002095975.1... Failed (download error)
[860/937] Downloading GCF_002356215.1... Failed (download error)
[861/937] Downloading GCF_904830765.1... Failed (download error)
[862/937] Downloading GCF_034092395.1... Failed (download error)
[863/937] Downloading GCF_047303345.1... Failed (download error)
[864/937] Downloading GCF_015840335.1... Failed (download error)
[865/937] Downloading GCF_047304715.1... Failed (download error)
[866/937] Downloading GCF_047716815.1... Failed (download error)
[867/937] Downloading GCF_047716785.1... Failed (download error)
[868/937] Downloading GCF_014279655.1... Failed (download error)
[869/937] Downloading GCF_000012505.1... Failed (download error)
[870/937] Downloading GCF_001704955.2... Failed (download error)
[871/937] Downloading GCF_050500255.1... Failed (download error)
[872/937] Downloading GCF_048593405.1... Failed (download error)
[873/937] Downloading GCF_034092465.1... Failed (download error)
[874/937] Downloading GCA_937024135.1... Failed (download error)
[875/937] Downloading GCF_010222815.1... Failed (download error)
[876/937] Downloading GCF_030409055.1... Failed (download error)
[877/937] Downloading GCF_014304795.1... Failed (download error)
[878/937] Downloading GCF_004209775.1... Failed (download error)
[879/937] Downloading GCF_001885215.1... Failed (download error)
[880/937] Downloading GCF_000317495.1... Failed (download error)
[881/937] Downloading GCF_904830945.1... Failed (download error)
[882/937] Downloading GCF_034092415.1... Failed (download error)
[883/937] Downloading GCF_001767235.1... Failed (download error)
[884/937] Downloading GCF_014250495.1... Failed (download error)
[885/937] Downloading GCF_000973065.1... Failed (download error)
[886/937] Downloading GCF_904830845.1... Failed (download error)
[887/937] Downloading GCF_018282115.1... Failed (download error)
[888/937] Downloading GCF_904830885.1... Failed (download error)
[889/937] Downloading GCF_000317065.1... Failed (download error)
[890/937] Downloading GCF_015840715.1... Failed (download error)
[891/937] Downloading GCF_009792235.1... Failed (download error)
[892/937] Downloading GCF_000307915.1... Failed (download error)
[893/937] Downloading GCF_904830855.1... Failed (download error)
[894/937] Downloading GCF_000478825.2... Failed (download error)
[895/937] Downloading GCA_003609755.1... Failed (download error)
[896/937] Downloading GCF_049200465.1... Failed (download error)
[897/937] Downloading GCF_003060805.1... Failed (download error)
[898/937] Downloading GCF_000316515.1... Failed (download error)
[899/937] Downloading GCF_001747005.2... Failed (download error)
[900/937] Downloading GCF_904830915.1... Failed (download error)
[901/937] Downloading GCF_019924095.1... Failed (download error)
[902/937] Downloading GCF_002813895.1... Failed (download error)
[903/937] Downloading GCF_000710505.1... Failed (download error)
[904/937] Downloading GCF_904830775.1... Failed (download error)
[905/937] Downloading GCF_021018745.1... Failed (download error)
[906/937] Downloading GCF_000011385.1... Failed (download error)
[907/937] Downloading GCF_008807075.1... Failed (download error)
[908/937] Downloading GCF_000505665.1... Failed (download error)
[909/937] Downloading GCF_040371545.1... Failed (download error)
[910/937] Downloading GCF_022701255.1... Failed (download error)
[911/937] Downloading GCF_016446395.1... Failed (download error)
[912/937] Downloading GCF_016403105.1... Failed (download error)
[913/937] Downloading GCF_000317105.1... Failed (download error)
[914/937] Downloading GCF_036630085.1... Failed (download error)
[915/937] Downloading GCF_009498715.2... Failed (download error)
[916/937] Downloading GCF_036630095.1... Failed (download error)
[917/937] Downloading GCF_036630075.1... Failed (download error)
[918/937] Downloading GCF_036630065.1... Failed (download error)
[919/937] Downloading GCF_036630105.1... Failed (download error)
[920/937] Downloading GCF_023558375.1... Failed (download error)
[921/937] Downloading GCF_001264245.1... Failed (download error)
[922/937] Downloading GCF_900088535.1... Failed (download error)
[923/937] Downloading GCF_042465725.1... Failed (download error)
[924/937] Downloading GCF_036630115.1... Failed (download error)
[925/937] Downloading GCA_042465645.1... Failed (download error)
[926/937] Downloading GCF_051131155.1... Failed (download error)
[927/937] Downloading GCF_027942295.1... Failed (download error)
[928/937] Downloading GCF_963665995.1... Failed (download error)
[929/937] Downloading GCF_025200965.1... Failed (download error)
[930/937] Downloading GCF_030323025.1... Failed (download error)
[931/937] Downloading GCF_014280235.1... Failed (download error)
[932/937] Downloading GCF_009498715.1... Failed (download error)
[933/937] Downloading GCF_050920705.1... Failed (download error)
[934/937] Downloading GCF_963920485.1... Failed (download error)
[935/937] Downloading GCF_018128485.1... Failed (download error)
[936/937] Downloading GCF_037094475.1... Failed (download error)
[937/937] Downloading GCA_035193785.1... Failed (download error)

================================================================================
DOWNLOAD SUMMARY
================================================================================
Successfully downloaded: 0
Failed: 937

Failed accessions (will be excluded from analysis):
  GCF_050235535.1
  GCF_000317515.1
  GCF_001548095.1
  GCF_000015965.1
  GCF_047947085.1
  GCF_000012645.1
  GCF_034093315.1
  GCF_000018065.1
  GCF_027359525.1
  GCF_027359355.1
  GCF_000015645.1
  GCF_051201415.1
  GCF_027359575.1
  GCF_034092375.1
  GCF_027359395.1
  GCF_047304605.1
  GCF_047302905.1
  GCF_047302765.1
  GCF_000007925.1
  GCF_014489415.1
  ... and 917 more

Full list saved to: failed_downloads.txt

================================================================================
STEP 2 COMPLETE
================================================================================

======================================================================
STEP 3: Create Gene Families
======================================================================
Note: This step may take 1-2 hours...
================================================================================
STEP 3: GENE FAMILY CLUSTERING
================================================================================

Loading genome metadata...
  Genomes in metadata: 937
Concatenating protein sequences...
  Total proteins: 0
  From 0 genomes

Running MMseqs2 clustering (identity=0.8, coverage=0.8)...
  Creating database...
Error in Step 3
